handleOpenDocument
handleStartElement:de.mobizcorp.qu8ax.TextLoader:list
handleAddAttribute::version:1
handleOpenElement:de.mobizcorp.qu8ax.TextLoader:list
handleCharacterData:true:%0D%0A%09
handleStartElement:de.mobizcorp.qu8ax.TextLoader:text
handleOpenElement:de.mobizcorp.qu8ax.TextLoader:text
handleCharacterData:false:%3C%3Fxml+version%3D%221.0%22+encoding%3D%22UTF-8%22%3F%3E%0D%0A
handleCloseElement:de.mobizcorp.qu8ax.TextLoader:text
handleCharacterData:true:%0D%0A%09
handleStartElement:de.mobizcorp.qu8ax.TextLoader:text
handleOpenElement:de.mobizcorp.qu8ax.TextLoader:text
handleCharacterData:false:%3C%21%5BCDATA%5B
handleCloseElement:de.mobizcorp.qu8ax.TextLoader:text
handleCharacterData:true:%0D%0A%09
handleStartElement:de.mobizcorp.qu8ax.TextLoader:text
handleOpenElement:de.mobizcorp.qu8ax.TextLoader:text
handleCharacterData:true:%5D%5D
handleCharacterData:true:%3E
handleCloseElement:de.mobizcorp.qu8ax.TextLoader:text
handleCharacterData:true:%0D%0A%09
handleStartElement:de.mobizcorp.qu8ax.TextLoader:text
handleOpenElement:de.mobizcorp.qu8ax.TextLoader:text
handleCharacterData:true:+xmlns%3A
handleCloseElement:de.mobizcorp.qu8ax.TextLoader:text
handleCharacterData:true:%0D%0A%09
handleStartElement:de.mobizcorp.qu8ax.TextLoader:text
handleOpenElement:de.mobizcorp.qu8ax.TextLoader:text
handleCharacterData:false:%3C%21--+
handleCloseElement:de.mobizcorp.qu8ax.TextLoader:text
handleCharacterData:true:%0D%0A%09
handleStartElement:de.mobizcorp.qu8ax.TextLoader:text
handleOpenElement:de.mobizcorp.qu8ax.TextLoader:text
handleCharacterData:false:+--%3E
handleCloseElement:de.mobizcorp.qu8ax.TextLoader:text
handleCharacterData:true:%0D%0A
handleCloseElement:de.mobizcorp.qu8ax.TextLoader:list
handleCloseDocument
