handleOpenDocument
handleStartElement:http://www.w3.org/1999/XSL/Transform:stylesheet
handleAddAttribute::exclude-result-prefixes:femtocms
handleOpenElement:http://www.w3.org/1999/XSL/Transform:stylesheet
handleCharacterData:true:%0A++
handleWhitespace:true:+%0A++++femtocms+minimalistic+content+management.%0A++++Copyright%28C%29+2005+mobizcorp+Europe+Ltd.%2C+all+rights+reserved.%0A%0A++++This+library+is+free+software%3B+you+can+redistribute+it+and%2For%0A++++modify+it+under+the+terms+of+the+GNU+Lesser+General+Public%0A++++License+as+published+by+the+Free+Software+Foundation%3B+either%0A++++version+2.1+of+the+License%2C+or+%28at+your+option%29+any+later+version.%0A%0A++++This+library+is+distributed+in+the+hope+that+it+will+be+useful%2C%0A++++but+WITHOUT+ANY+WARRANTY%3B+without+even+the+implied+warranty+of%0A++++MERCHANTABILITY+or+FITNESS+FOR+A+PARTICULAR+PURPOSE.++See+the+GNU%0A++++Lesser+General+Public+License+for+more+details.%0A%0A++++You+should+have+received+a+copy+of+the+GNU+Lesser+General+Public%0A++++License+along+with+this+library%3B+if+not%2C+write+to+the+Free+Software%0A++++Foundation%2C+Inc.%2C+59+Temple+Place%2C+Suite+330%2C+Boston%2C+MA++02111-1307++USA%0A++
handleCharacterData:true:%0A++
handleStartElement:http://www.w3.org/1999/XSL/Transform:param
handleAddAttribute::name:femtocms-engine
handleCharacterData:true:%0A++
handleStartElement:http://www.w3.org/1999/XSL/Transform:param
handleAddAttribute::name:femtocms-base
handleCharacterData:true:%0A++
handleStartElement:http://www.w3.org/1999/XSL/Transform:param
handleAddAttribute::name:femtocms-href
handleCharacterData:true:%0A++
handleStartElement:http://www.w3.org/1999/XSL/Transform:param
handleAddAttribute::name:femtocms-sha1
handleCharacterData:true:%0A++
handleStartElement:http://www.w3.org/1999/XSL/Transform:import
handleAddAttribute::href:femtocms:/media/html.xsl
handleCharacterData:true:%0A++
handleStartElement:http://www.w3.org/1999/XSL/Transform:output
handleAddAttribute::method:html
handleAddAttribute::doctype-public:-//W3C//DTD HTML 3.2 Final//EN
handleAddAttribute::indent:yes
handleCharacterData:true:%0A++
handleStartElement:http://www.w3.org/1999/XSL/Transform:template
handleAddAttribute::name:html-head
handleOpenElement:http://www.w3.org/1999/XSL/Transform:template
handleCharacterData:true:%0A++++
handleStartElement:http://www.w3.org/1999/XSL/Transform:text
handleOpenElement:http://www.w3.org/1999/XSL/Transform:text
handleCharacterData:true:%0A++++++
handleStartElement::style
handleAddAttribute::type:text/css
handleOpenElement::style
handleStartElement:http://www.w3.org/1999/XSL/Transform:comment
handleOpenElement:http://www.w3.org/1999/XSL/Transform:comment
handleCharacterData:true:%0A++++++%23controls+%7B%0A%09position%3A+absolute%3B%0A%09overflow%3A+visible%3B%0A%09color%3A+black%3B%0A%09background%3A+transparent%3B%0A%09padding%3A+4px%3B%0A%09border%3A+1px+dotted+black%3B%0A++++++%7D%0A++++++%23fckeditor0+%7B%0A++++++++display%3A+none%3B%0A++++++%7D%0A++++++%23controls_deco%2C+IFRAME+%7B%0A++++++++z-index%3A+4%3B%0A++++++%7D%0A++++++
handleCloseElement:http://www.w3.org/1999/XSL/Transform:comment
handleCloseElement::style
handleCharacterData:true:%0A++++++
handleStartElement::script
handleAddAttribute::language:JavaScript
handleAddAttribute::type:text/javascript
handleAddAttribute::src:/fckeditor/fckeditor.js
handleOpenElement::script
handleCloseElement::script
handleCharacterData:true:%0A++++++
handleStartElement::script
handleAddAttribute::language:JavaScript
handleAddAttribute::type:text/javascript
handleAddAttribute::src:/femtocms:/controls.js
handleOpenElement::script
handleCloseElement::script
handleCharacterData:true:%0A++++
handleCloseElement:http://www.w3.org/1999/XSL/Transform:text
handleCharacterData:true:%0A++
handleCloseElement:http://www.w3.org/1999/XSL/Transform:template
handleCharacterData:true:%0A++
handleStartElement:http://www.w3.org/1999/XSL/Transform:template
handleAddAttribute::name:html-body
handleOpenElement:http://www.w3.org/1999/XSL/Transform:template
handleCharacterData:true:%0A++++
handleStartElement:http://www.w3.org/1999/XSL/Transform:apply-templates
handleAddAttribute::select:*
handleCharacterData:true:%0A++++
handleStartElement::div
handleAddAttribute::id:controls
handleAddAttribute::onkeypress:narrow_controls()
handleAddAttribute::onmouseover:keep_controls()
handleAddAttribute::onmouseout:hide_controls()
handleAddAttribute::onclick:open_editor()
handleOpenElement::div
handleCharacterData:true:%0A++++++
handleStartElement::div
handleAddAttribute::id:controls_deco
handleOpenElement::div
handleCharacterData:true:%0A++++++++
handleStartElement::div
handleAddAttribute::align:right
handleOpenElement::div
handleCharacterData:true:%0A++++++++++
handleStartElement::img
handleAddAttribute::src:/femtocms:x.png
handleAddAttribute::title:Cancel edit
handleAddAttribute::onclick:return close_editor(event);
handleCharacterData:true:%0A++++++++
handleCloseElement::div
handleCharacterData:true:%0A++++++++
handleStartElement::form
handleAddAttribute::method:post
handleAddAttribute::action:#
handleOpenElement::form
handleCharacterData:true:%0A++++++++++
handleStartElement::input
handleAddAttribute::type:hidden
handleAddAttribute::id:edit-id
handleAddAttribute::name:edit-id
handleAddAttribute::value:
handleCharacterData:true:%0A++++++++++
handleStartElement::input
handleAddAttribute::type:hidden
handleAddAttribute::id:edit-lastmodified
handleAddAttribute::name:edit-lastmodified
handleAddAttribute::value:0
handleCharacterData:true:%0A++++++++++
handleStartElement::textarea
handleAddAttribute::id:fckeditor0
handleAddAttribute::name:fckeditor0
handleOpenElement::textarea
handleCloseElement::textarea
handleCharacterData:true:%0A++++++++
handleCloseElement::form
handleCharacterData:true:%0A++++++
handleCloseElement::div
handleCharacterData:true:%0A++++
handleCloseElement::div
handleCharacterData:true:%0A++
handleCloseElement:http://www.w3.org/1999/XSL/Transform:template
handleCharacterData:true:%0A++
handleStartElement:http://www.w3.org/1999/XSL/Transform:template
handleAddAttribute::match:processing-instruction('femtocms-edit-location')
handleOpenElement:http://www.w3.org/1999/XSL/Transform:template
handleCharacterData:true:%0A++++
handleStartElement:http://www.w3.org/1999/XSL/Transform:variable
handleAddAttribute::name:system
handleAddAttribute::select:substring-before(substring-after(., 'system="'), '"')
handleCharacterData:true:%0A++++
handleStartElement:http://www.w3.org/1999/XSL/Transform:variable
handleAddAttribute::name:line
handleAddAttribute::select:substring-before(substring-after(., 'line="'), '"')
handleCharacterData:true:%0A++++
handleStartElement:http://www.w3.org/1999/XSL/Transform:variable
handleAddAttribute::name:column
handleAddAttribute::select:substring-before(substring-after(., 'column="'), '"')
handleCharacterData:true:%0A++++
handleStartElement:http://www.w3.org/1999/XSL/Transform:attribute
handleAddAttribute::name:femtocms:edit-id
handleOpenElement:http://www.w3.org/1999/XSL/Transform:attribute
handleCharacterData:true:%0A++++++
handleStartElement:http://www.w3.org/1999/XSL/Transform:value-of
handleAddAttribute::select:$system
handleCharacterData:true:%0A++++++
handleStartElement:http://www.w3.org/1999/XSL/Transform:text
handleOpenElement:http://www.w3.org/1999/XSL/Transform:text
handleCharacterData:true:%3A
handleCloseElement:http://www.w3.org/1999/XSL/Transform:text
handleCharacterData:true:%0A++++++
handleStartElement:http://www.w3.org/1999/XSL/Transform:value-of
handleAddAttribute::select:$line
handleCharacterData:true:%0A++++++
handleStartElement:http://www.w3.org/1999/XSL/Transform:text
handleOpenElement:http://www.w3.org/1999/XSL/Transform:text
handleCharacterData:true:%3A
handleCloseElement:http://www.w3.org/1999/XSL/Transform:text
handleCharacterData:true:%0A++++++
handleStartElement:http://www.w3.org/1999/XSL/Transform:value-of
handleAddAttribute::select:$column
handleCharacterData:true:%0A++++
handleCloseElement:http://www.w3.org/1999/XSL/Transform:attribute
handleCharacterData:true:%0A++++
handleStartElement:http://www.w3.org/1999/XSL/Transform:attribute
handleAddAttribute::name:femtocms:edit-lastmodified
handleOpenElement:http://www.w3.org/1999/XSL/Transform:attribute
handleCharacterData:true:%0A++++++
handleStartElement:http://www.w3.org/1999/XSL/Transform:value-of
handleAddAttribute::select:femtocms:modified($femtocms-engine, string($system))
handleCharacterData:true:%0A++++
handleCloseElement:http://www.w3.org/1999/XSL/Transform:attribute
handleCharacterData:true:%0A++
handleCloseElement:http://www.w3.org/1999/XSL/Transform:template
handleCharacterData:true:%0A++
handleStartElement:http://www.w3.org/1999/XSL/Transform:template
handleAddAttribute::match:@id|@*[starts-with(name(), 'on')]
handleAddAttribute::priority:-1
handleOpenElement:http://www.w3.org/1999/XSL/Transform:template
handleCharacterData:true:%0A++++
handleStartElement:http://www.w3.org/1999/XSL/Transform:attribute
handleAddAttribute::name:femtocms:save-{name()}
handleOpenElement:http://www.w3.org/1999/XSL/Transform:attribute
handleCharacterData:true:%0A++++++
handleStartElement:http://www.w3.org/1999/XSL/Transform:value-of
handleAddAttribute::select:.
handleCharacterData:true:%0A++++
handleCloseElement:http://www.w3.org/1999/XSL/Transform:attribute
handleCharacterData:true:%0A++
handleCloseElement:http://www.w3.org/1999/XSL/Transform:template
handleCharacterData:true:%0A
handleCloseElement:http://www.w3.org/1999/XSL/Transform:stylesheet
handleCloseDocument
