handleOpenDocument
handleStartElement:http://www.w3.org/1999/XSL/Transform:stylesheet
handleAddAttribute::exclude-result-prefixes:femtocms
handleOpenElement:http://www.w3.org/1999/XSL/Transform:stylesheet
handleCharacterData:true:%0A++
handleWhitespace:true:+%0A++++femtocms+minimalistic+content+management.%0A++++Copyright%28C%29+2005+mobizcorp+Europe+Ltd.%2C+all+rights+reserved.%0A%0A++++This+library+is+free+software%3B+you+can+redistribute+it+and%2For%0A++++modify+it+under+the+terms+of+the+GNU+Lesser+General+Public%0A++++License+as+published+by+the+Free+Software+Foundation%3B+either%0A++++version+2.1+of+the+License%2C+or+%28at+your+option%29+any+later+version.%0A%0A++++This+library+is+distributed+in+the+hope+that+it+will+be+useful%2C%0A++++but+WITHOUT+ANY+WARRANTY%3B+without+even+the+implied+warranty+of%0A++++MERCHANTABILITY+or+FITNESS+FOR+A+PARTICULAR+PURPOSE.++See+the+GNU%0A++++Lesser+General+Public+License+for+more+details.%0A%0A++++You+should+have+received+a+copy+of+the+GNU+Lesser+General+Public%0A++++License+along+with+this+library%3B+if+not%2C+write+to+the+Free+Software%0A++++Foundation%2C+Inc.%2C+59+Temple+Place%2C+Suite+330%2C+Boston%2C+MA++02111-1307++USA%0A++
handleCharacterData:true:%0A++
handleStartElement:http://www.w3.org/1999/XSL/Transform:param
handleAddAttribute::name:femtocms-engine
handleCharacterData:true:%0A++
handleStartElement:http://www.w3.org/1999/XSL/Transform:param
handleAddAttribute::name:femtocms-base
handleCharacterData:true:%0A++
handleStartElement:http://www.w3.org/1999/XSL/Transform:param
handleAddAttribute::name:femtocms-href
handleCharacterData:true:%0A++
handleStartElement:http://www.w3.org/1999/XSL/Transform:param
handleAddAttribute::name:femtocms-sha1
handleCharacterData:true:%0A++
handleStartElement:http://www.w3.org/1999/XSL/Transform:import
handleAddAttribute::href:femtocms:/copy.xsl
handleCharacterData:true:%0A++
handleStartElement:http://www.w3.org/1999/XSL/Transform:output
handleAddAttribute::method:html
handleAddAttribute::doctype-public:-//W3C//DTD HTML 3.2 Final//EN
handleAddAttribute::indent:yes
handleCharacterData:true:%0A++
handleStartElement:http://www.w3.org/1999/XSL/Transform:template
handleAddAttribute::match:/
handleOpenElement:http://www.w3.org/1999/XSL/Transform:template
handleCharacterData:true:%0A++++
handleStartElement::html
handleOpenElement::html
handleCharacterData:true:%0A++++++
handleStartElement::head
handleOpenElement::head
handleCharacterData:true:%0A++++++++
handleStartElement::meta
handleAddAttribute::name:generator
handleAddAttribute::content:femtocms 0.3
handleCharacterData:true:%0A++++++++
handleStartElement::br
handleCharacterData:true:%0A++++++
handleCloseElement::head
handleCharacterData:true:%0A++++++
handleStartElement::body
handleOpenElement::body
handleCharacterData:true:%0A++++++++
handleStartElement:http://www.w3.org/1999/XSL/Transform:text
handleOpenElement:http://www.w3.org/1999/XSL/Transform:text
handleCharacterData:true:%3C
handleCharacterData:true:%3Fxml+version%3D%221.0%22%3F
handleCharacterData:true:%3E
handleCloseElement:http://www.w3.org/1999/XSL/Transform:text
handleCharacterData:true:%0A++++++++
handleStartElement::br
handleCharacterData:true:%0A++++++++
handleStartElement:http://www.w3.org/1999/XSL/Transform:apply-templates
handleAddAttribute::select:@*|node()
handleCharacterData:true:%0A++++++
handleCloseElement::body
handleCharacterData:true:%0A++++
handleCloseElement::html
handleCharacterData:true:%0A++
handleCloseElement:http://www.w3.org/1999/XSL/Transform:template
handleCharacterData:true:%0A++
handleStartElement:http://www.w3.org/1999/XSL/Transform:template
handleAddAttribute::match:*
handleOpenElement:http://www.w3.org/1999/XSL/Transform:template
handleCharacterData:true:%0A++++
handleStartElement:http://www.w3.org/1999/XSL/Transform:apply-templates
handleAddAttribute::select:.
handleAddAttribute::mode:xml-indent
handleCharacterData:true:%0A++++
handleStartElement:http://www.w3.org/1999/XSL/Transform:text
handleOpenElement:http://www.w3.org/1999/XSL/Transform:text
handleCharacterData:true:%3C
handleCloseElement:http://www.w3.org/1999/XSL/Transform:text
handleCharacterData:true:%0A++++
handleStartElement:http://www.w3.org/1999/XSL/Transform:value-of
handleAddAttribute::select:name()
handleCharacterData:true:%0A++++
handleStartElement:http://www.w3.org/1999/XSL/Transform:apply-templates
handleAddAttribute::select:@*
handleCharacterData:true:%0A++++
handleStartElement:http://www.w3.org/1999/XSL/Transform:choose
handleOpenElement:http://www.w3.org/1999/XSL/Transform:choose
handleCharacterData:true:%0A++++++
handleStartElement:http://www.w3.org/1999/XSL/Transform:when
handleAddAttribute::test:node()
handleOpenElement:http://www.w3.org/1999/XSL/Transform:when
handleCharacterData:true:%0A++++++++
handleStartElement:http://www.w3.org/1999/XSL/Transform:text
handleOpenElement:http://www.w3.org/1999/XSL/Transform:text
handleCharacterData:true:%3E
handleCloseElement:http://www.w3.org/1999/XSL/Transform:text
handleCharacterData:true:%0A++++++++
handleStartElement:http://www.w3.org/1999/XSL/Transform:apply-templates
handleAddAttribute::select:node()
handleCharacterData:true:%0A++++++++
handleStartElement:http://www.w3.org/1999/XSL/Transform:text
handleOpenElement:http://www.w3.org/1999/XSL/Transform:text
handleCharacterData:true:%3C
handleCharacterData:true:%2F
handleCloseElement:http://www.w3.org/1999/XSL/Transform:text
handleCharacterData:true:%0A++++++++
handleStartElement:http://www.w3.org/1999/XSL/Transform:value-of
handleAddAttribute::select:name()
handleCharacterData:true:%0A++++++
handleCloseElement:http://www.w3.org/1999/XSL/Transform:when
handleCharacterData:true:%0A++++++
handleStartElement:http://www.w3.org/1999/XSL/Transform:otherwise
handleOpenElement:http://www.w3.org/1999/XSL/Transform:otherwise
handleCharacterData:true:%0A++++++++
handleStartElement:http://www.w3.org/1999/XSL/Transform:text
handleOpenElement:http://www.w3.org/1999/XSL/Transform:text
handleCharacterData:true:%2F
handleCloseElement:http://www.w3.org/1999/XSL/Transform:text
handleCharacterData:true:%0A++++++
handleCloseElement:http://www.w3.org/1999/XSL/Transform:otherwise
handleCharacterData:true:%0A++++
handleCloseElement:http://www.w3.org/1999/XSL/Transform:choose
handleCharacterData:true:%0A++++
handleStartElement:http://www.w3.org/1999/XSL/Transform:text
handleOpenElement:http://www.w3.org/1999/XSL/Transform:text
handleCharacterData:true:%3E
handleCloseElement:http://www.w3.org/1999/XSL/Transform:text
handleCharacterData:true:%0A++
handleCloseElement:http://www.w3.org/1999/XSL/Transform:template
handleCharacterData:true:%0A++
handleStartElement:http://www.w3.org/1999/XSL/Transform:template
handleAddAttribute::match:processing-instruction()
handleOpenElement:http://www.w3.org/1999/XSL/Transform:template
handleCharacterData:true:%0A++++
handleStartElement:http://www.w3.org/1999/XSL/Transform:text
handleOpenElement:http://www.w3.org/1999/XSL/Transform:text
handleCharacterData:true:%3C
handleCharacterData:true:%3F
handleCloseElement:http://www.w3.org/1999/XSL/Transform:text
handleCharacterData:true:%0A++++
handleStartElement:http://www.w3.org/1999/XSL/Transform:value-of
handleAddAttribute::select:name()
handleCharacterData:true:%0A++++
handleStartElement:http://www.w3.org/1999/XSL/Transform:text
handleOpenElement:http://www.w3.org/1999/XSL/Transform:text
handleCharacterData:true:%C2%A0
handleCloseElement:http://www.w3.org/1999/XSL/Transform:text
handleCharacterData:true:%0A++++
handleStartElement:http://www.w3.org/1999/XSL/Transform:value-of
handleAddAttribute::select:.
handleCharacterData:true:%0A++++
handleStartElement:http://www.w3.org/1999/XSL/Transform:text
handleOpenElement:http://www.w3.org/1999/XSL/Transform:text
handleCharacterData:true:%3F
handleCharacterData:true:%3E
handleCloseElement:http://www.w3.org/1999/XSL/Transform:text
handleCharacterData:true:%0A++++
handleStartElement::br
handleCharacterData:true:%0A++
handleCloseElement:http://www.w3.org/1999/XSL/Transform:template
handleCharacterData:true:%0A++
handleStartElement:http://www.w3.org/1999/XSL/Transform:template
handleAddAttribute::match:comment()
handleOpenElement:http://www.w3.org/1999/XSL/Transform:template
handleCharacterData:true:%0A++++
handleStartElement:http://www.w3.org/1999/XSL/Transform:text
handleOpenElement:http://www.w3.org/1999/XSL/Transform:text
handleCharacterData:true:%3C
handleCharacterData:true:--+
handleCloseElement:http://www.w3.org/1999/XSL/Transform:text
handleCharacterData:true:%0A++++
handleStartElement:http://www.w3.org/1999/XSL/Transform:value-of
handleAddAttribute::select:.
handleCharacterData:true:%0A++++
handleStartElement:http://www.w3.org/1999/XSL/Transform:text
handleOpenElement:http://www.w3.org/1999/XSL/Transform:text
handleCharacterData:true:+--
handleCharacterData:true:%3E
handleCloseElement:http://www.w3.org/1999/XSL/Transform:text
handleCharacterData:true:%0A++++
handleStartElement::br
handleCharacterData:true:%0A++
handleCloseElement:http://www.w3.org/1999/XSL/Transform:template
handleCharacterData:true:%0A++
handleStartElement:http://www.w3.org/1999/XSL/Transform:template
handleAddAttribute::match:@*
handleOpenElement:http://www.w3.org/1999/XSL/Transform:template
handleCharacterData:true:%0A++++
handleStartElement:http://www.w3.org/1999/XSL/Transform:text
handleOpenElement:http://www.w3.org/1999/XSL/Transform:text
handleCharacterData:true:%C2%A0
handleCloseElement:http://www.w3.org/1999/XSL/Transform:text
handleCharacterData:true:%0A++++
handleStartElement:http://www.w3.org/1999/XSL/Transform:value-of
handleAddAttribute::select:name()
handleCharacterData:true:%0A++++
handleStartElement:http://www.w3.org/1999/XSL/Transform:text
handleOpenElement:http://www.w3.org/1999/XSL/Transform:text
handleCharacterData:true:%3D%22
handleCloseElement:http://www.w3.org/1999/XSL/Transform:text
handleCharacterData:true:%0A++++
handleStartElement::code
handleOpenElement::code
handleStartElement:http://www.w3.org/1999/XSL/Transform:value-of
handleAddAttribute::select:.
handleCloseElement::code
handleCharacterData:true:%0A++++
handleStartElement:http://www.w3.org/1999/XSL/Transform:text
handleOpenElement:http://www.w3.org/1999/XSL/Transform:text
handleCharacterData:true:%22
handleCloseElement:http://www.w3.org/1999/XSL/Transform:text
handleCharacterData:true:%0A++
handleCloseElement:http://www.w3.org/1999/XSL/Transform:template
handleCharacterData:true:%0A++
handleStartElement:http://www.w3.org/1999/XSL/Transform:template
handleAddAttribute::match:text()
handleOpenElement:http://www.w3.org/1999/XSL/Transform:template
handleCharacterData:true:%0A++++
handleStartElement::code
handleOpenElement::code
handleStartElement:http://www.w3.org/1999/XSL/Transform:value-of
handleAddAttribute::select:.
handleCloseElement::code
handleCharacterData:true:%0A++
handleCloseElement:http://www.w3.org/1999/XSL/Transform:template
handleCharacterData:true:%0A++
handleStartElement:http://www.w3.org/1999/XSL/Transform:template
handleAddAttribute::match:node()
handleAddAttribute::mode:xml-indent
handleOpenElement:http://www.w3.org/1999/XSL/Transform:template
handleCharacterData:true:%0A++++
handleStartElement::br
handleCharacterData:true:%0A++++
handleStartElement:http://www.w3.org/1999/XSL/Transform:value-of
handleAddAttribute::select:substring('          ', 1, count(ancestor::*))
handleCharacterData:true:%0A++
handleCloseElement:http://www.w3.org/1999/XSL/Transform:template
handleCharacterData:true:%0A
handleCloseElement:http://www.w3.org/1999/XSL/Transform:stylesheet
handleCloseDocument
